0 info it worked if it ends with ok
1 verbose cli [ 'C:\\Program Files\\nodejs\\node.exe',
1 verbose cli   'C:\\Users\\Bitee\\AppData\\Roaming\\npm\\node_modules\\npm\\bin\\npm-cli.js',
1 verbose cli   'install',
1 verbose cli   '-g',
1 verbose cli   'https://github.com/vliesaputra/DeviceInformationPlugin' ]
2 info using npm@3.9.6
3 info using node@v4.4.5
4 silly loadCurrentTree Starting
5 silly install loadCurrentTree
6 silly install readGlobalPackageData
7 silly fetchPackageMetaData https://github.com/vliesaputra/DeviceInformationPlugin
8 silly fetchOtherPackageData https://github.com/vliesaputra/DeviceInformationPlugin
9 silly cache add args [ 'https://github.com/vliesaputra/DeviceInformationPlugin',
9 silly cache add   null ]
10 verbose cache add spec https://github.com/vliesaputra/DeviceInformationPlugin
11 silly cache add parsed spec Result {
11 silly cache add   raw: 'https://github.com/vliesaputra/DeviceInformationPlugin',
11 silly cache add   scope: null,
11 silly cache add   name: null,
11 silly cache add   rawSpec: 'https://github.com/vliesaputra/DeviceInformationPlugin',
11 silly cache add   spec: 'git+https://github.com/vliesaputra/DeviceInformationPlugin.git',
11 silly cache add   type: 'hosted',
11 silly cache add   hosted:
11 silly cache add    { type: 'github',
11 silly cache add      ssh: 'git@github.com:vliesaputra/DeviceInformationPlugin.git',
11 silly cache add      sshUrl: 'git+ssh://git@github.com/vliesaputra/DeviceInformationPlugin.git',
11 silly cache add      httpsUrl: 'git+https://github.com/vliesaputra/DeviceInformationPlugin.git',
11 silly cache add      gitUrl: 'git://github.com/vliesaputra/DeviceInformationPlugin.git',
11 silly cache add      shortcut: 'github:vliesaputra/DeviceInformationPlugin',
11 silly cache add      directUrl: 'https://raw.githubusercontent.com/vliesaputra/DeviceInformationPlugin/master/package.json' } }
12 verbose addRemoteGit caching https://github.com/vliesaputra/DeviceInformationPlugin
13 verbose addRemoteGit git+https://github.com/vliesaputra/DeviceInformationPlugin.git is a repository hosted by github
14 silly tryClone cloning git+https://github.com/vliesaputra/DeviceInformationPlugin.git via git+https://github.com/vliesaputra/DeviceInformationPlugin.git
15 verbose tryClone git-https-github-com-vliesaputra-DeviceInformationPlugin-git-6db6656e not in flight; caching
16 verbose correctMkdir C:\Users\Bitee\AppData\Roaming\npm-cache\_git-remotes correctMkdir not in flight; initializing
17 verbose makeDirectory C:\Users\Bitee\AppData\Roaming\npm-cache\_git-remotes creation not in flight; initializing
18 verbose makeCacheDir UID & GID are irrelevant on win32
19 info git [ 'clone',
19 info git   '--template=C:\\Users\\Bitee\\AppData\\Roaming\\npm-cache\\_git-remotes\\_templates',
19 info git   '--mirror',
19 info git   'https://github.com/vliesaputra/DeviceInformationPlugin.git',
19 info git   'C:\\Users\\Bitee\\AppData\\Roaming\\npm-cache\\_git-remotes\\git-https-github-com-vliesaputra-DeviceInformationPlugin-git-6db6656e' ]
20 verbose mirrorRemote git+https://github.com/vliesaputra/DeviceInformationPlugin.git git clone https://github.com/vliesaputra/DeviceInformationPlugin.git
21 verbose setPermissions git+https://github.com/vliesaputra/DeviceInformationPlugin.git skipping chownr on Windows
22 verbose resolveHead git+https://github.com/vliesaputra/DeviceInformationPlugin.git original treeish: master
23 info git [ 'rev-list', '-n1', 'master' ]
24 silly resolveHead git+https://github.com/vliesaputra/DeviceInformationPlugin.git resolved treeish: d0b9b4c7258f64086208a1c5746781eeb820c328
25 verbose resolveHead git+https://github.com/vliesaputra/DeviceInformationPlugin.git resolved Git URL: git+https://github.com/vliesaputra/DeviceInformationPlugin.git#d0b9b4c7258f64086208a1c5746781eeb820c328
26 silly resolveHead Git working directory: C:\Users\Bitee\AppData\Local\Temp\npm-8580-16d4d2e5\git-cache-380adc14\d0b9b4c7258f64086208a1c5746781eeb820c328
27 info git [ 'clone',
27 info git   'C:\\Users\\Bitee\\AppData\\Roaming\\npm-cache\\_git-remotes\\git-https-github-com-vliesaputra-DeviceInformationPlugin-git-6db6656e',
27 info git   'C:\\Users\\Bitee\\AppData\\Local\\Temp\\npm-8580-16d4d2e5\\git-cache-380adc14\\d0b9b4c7258f64086208a1c5746781eeb820c328' ]
28 verbose cloneResolved git+https://github.com/vliesaputra/DeviceInformationPlugin.git clone Cloning into 'C:\Users\Bitee\AppData\Local\Temp\npm-8580-16d4d2e5\git-cache-380adc14\d0b9b4c7258f64086208a1c5746781eeb820c328'...
28 verbose cloneResolved done.
29 info git [ 'checkout', 'd0b9b4c7258f64086208a1c5746781eeb820c328' ]
30 verbose checkoutTreeish git+https://github.com/vliesaputra/DeviceInformationPlugin.git checkout Note: checking out 'd0b9b4c7258f64086208a1c5746781eeb820c328'.
30 verbose checkoutTreeish
30 verbose checkoutTreeish You are in 'detached HEAD' state. You can look around, make experimental
30 verbose checkoutTreeish changes and commit them, and you can discard any commits you make in this
30 verbose checkoutTreeish state without impacting any branches by performing another checkout.
30 verbose checkoutTreeish
30 verbose checkoutTreeish If you want to create a new branch to retain commits you create, you may
30 verbose checkoutTreeish do so (now or later) by using -b with the checkout command again. Example:
30 verbose checkoutTreeish
30 verbose checkoutTreeish   git checkout -b new_branch_name
30 verbose checkoutTreeish
30 verbose checkoutTreeish HEAD is now at d0b9b4c... Merge pull request #11 from sqzbx/dev
31 info git [ 'submodule', '-q', 'update', '--init', '--recursive' ]
32 verbose updateSubmodules git+https://github.com/vliesaputra/DeviceInformationPlugin.git submodule update
33 error addLocal Could not install C:\Users\Bitee\AppData\Local\Temp\npm-8580-16d4d2e5\git-cache-380adc14\d0b9b4c7258f64086208a1c5746781eeb820c328
34 silly fetchPackageMetaData Error: EISDIR: illegal operation on a directory, read
34 silly fetchPackageMetaData     at Error (native)
34 silly fetchPackageMetaData  error for https://github.com/vliesaputra/DeviceInformationPlugin { [Error: EISDIR: illegal operation on a directory, read] errno: -4068, code: 'EISDIR', syscall: 'read' }
35 silly rollbackFailedOptional Starting
36 silly rollbackFailedOptional Finishing
37 silly runTopLevelLifecycles Starting
38 silly runTopLevelLifecycles Finishing
39 silly install printInstalled
40 verbose stack Error: EISDIR: illegal operation on a directory, read
40 verbose stack     at Error (native)
41 verbose cwd F:\GithubProject\CheckInAttend\ionic-maps
42 error Windows_NT 10.0.10586
43 error argv "C:\\Program Files\\nodejs\\node.exe" "C:\\Users\\Bitee\\AppData\\Roaming\\npm\\node_modules\\npm\\bin\\npm-cli.js" "install" "-g" "https://github.com/vliesaputra/DeviceInformationPlugin"
44 error node v4.4.5
45 error npm  v3.9.6
46 error code EISDIR
47 error errno -4068
48 error syscall read
49 error eisdir EISDIR: illegal operation on a directory, read
50 error eisdir This is most likely not a problem with npm itself
50 error eisdir and is related to npm not being able to find a package.json in
50 error eisdir a package you are trying to install.
51 verbose exit [ -4068, true ]
